c:\users\will.stern\source\repos\cavestoryclone\cavestoryclone\debug\vc141.pdb
c:\users\will.stern\source\repos\cavestoryclone\cavestoryclone\debug\vc141.idb
c:\users\will.stern\source\repos\cavestoryclone\cavestoryclone\debug\tinyxml2.obj
c:\users\will.stern\source\repos\cavestoryclone\cavestoryclone\debug\tile.obj
c:\users\will.stern\source\repos\cavestoryclone\cavestoryclone\debug\sprite.obj
c:\users\will.stern\source\repos\cavestoryclone\cavestoryclone\debug\player.obj
c:\users\will.stern\source\repos\cavestoryclone\cavestoryclone\debug\main.obj
c:\users\will.stern\source\repos\cavestoryclone\cavestoryclone\debug\level.obj
c:\users\will.stern\source\repos\cavestoryclone\cavestoryclone\debug\input.obj
c:\users\will.stern\source\repos\cavestoryclone\cavestoryclone\debug\hud.obj
c:\users\will.stern\source\repos\cavestoryclone\cavestoryclone\debug\graphics.obj
c:\users\will.stern\source\repos\cavestoryclone\cavestoryclone\debug\game.obj
c:\users\will.stern\source\repos\cavestoryclone\cavestoryclone\debug\enemy.obj
c:\users\will.stern\source\repos\cavestoryclone\cavestoryclone\debug\animatedtile.obj
c:\users\will.stern\source\repos\cavestoryclone\cavestoryclone\debug\animatedsprite.obj
c:\users\will.stern\source\repos\cavestoryclone\debug\cavestoryclone.exe
c:\users\will.stern\source\repos\cavestoryclone\debug\cavestoryclone.ilk
c:\users\will.stern\source\repos\cavestoryclone\debug\cavestoryclone.pdb
c:\users\will.stern\source\repos\cavestoryclone\cavestoryclone\debug\cavestoryclone.tlog\cl.command.1.tlog
c:\users\will.stern\source\repos\cavestoryclone\cavestoryclone\debug\cavestoryclone.tlog\cl.read.1.tlog
c:\users\will.stern\source\repos\cavestoryclone\cavestoryclone\debug\cavestoryclone.tlog\cl.write.1.tlog
c:\users\will.stern\source\repos\cavestoryclone\cavestoryclone\debug\cavestoryclone.tlog\link.command.1.tlog
c:\users\will.stern\source\repos\cavestoryclone\cavestoryclone\debug\cavestoryclone.tlog\link.read.1.tlog
c:\users\will.stern\source\repos\cavestoryclone\cavestoryclone\debug\cavestoryclone.tlog\link.write.1.tlog
